<?xml version="1.0" encoding="UTF-8"?>
<!-- Generated by org.testng.reporters.JUnitReportReporter -->
<testsuite hostname="VX-LT-0082" failures="0" tests="1" name="utils.MaximizeBrowser" time="7.830" errors="0" timestamp="2022-10-27T11:44:58 PKT" skipped="0">
  <testcase classname="utils.MaximizeBrowser" name="browserMaximize" time="7.830"/>
  <system-out/>
</testsuite> <!-- utils.MaximizeBrowser -->
