<?xml version="1.0" encoding="UTF-8"?>
<!-- Generated by org.testng.reporters.JUnitReportReporter -->
<testsuite hostname="VX-LT-0082" failures="0" tests="1" name="tests.TS_01_VerifyOpenCartLoginTests" time="148.108" errors="0" timestamp="2022-11-24T16:49:26 PKT" skipped="0">
  <testcase classname="tests.TS_01_VerifyOpenCartLoginTests" name="loginWithValidCredentialsTest" time="148.108"/>
  <system-out/>
</testsuite> <!-- tests.TS_01_VerifyOpenCartLoginTests -->
